Tue Feb  6 12:04:05 2024
 => SERVER: error in bind()
TARGETS: error in connect()
OBSTACLES: error in connect()
Tue Feb  6 12:04:08 2024
 => WATCH DOG: error in kill server
Tue Feb  6 12:04:09 2024
 => DRONE: error in reading from pipe rows
Tue Feb  6 12:04:09 2024
 => WATCH DOG: error in kill obstacle
Tue Feb  6 12:04:10 2024
 => WATCH DOG: error in kill target
Tue Feb  6 12:04:18 2024
 => WATCH DOG: error in kill server
Tue Feb  6 12:04:18 2024
 => WATCH DOG: error in kill drone
Tue Feb  6 12:04:18 2024
 => WATCH DOG: error in kill input
Tue Feb  6 12:04:18 2024
 => WATCH DOG: error in kill obstacle
Tue Feb  6 12:04:18 2024
 => WATCH DOG: error in kill target
