OI
OBSTACLES: message OI sent to server
OBSTACLES: message received from server
50.000,100.000
OBSTACLES: number of obstacles = 6
OBSTACLES: obstacle 0 created at (13.000, 27.000)

OBSTACLES: obstacle 1 created at (46.000, 6.000)

OBSTACLES: obstacle 2 created at (98.000, 15.000)

OBSTACLES: obstacle 3 created at (22.000, 30.000)

OBSTACLES: obstacle 4 created at (40.000, 36.000)

OBSTACLES: obstacle 5 created at (51.000, 7.000)

O[6]13.000,27.000|46.000,6.000|98.000,15.000|22.000,30.000|40.000,36.000|51.000,7.000
Message echo:
O[6]13.000,27.000|46.000,6.000|98.000,15.000|22.000,30.000|40.000,36.000|51.000,7.000
OBSTACLES: timeout expired
OBSTACLES: number of obstacles = 19
OBSTACLES: obstacle 0 created at (38.000, 19.000)

OBSTACLES: obstacle 1 created at (96.000, 34.000)

OBSTACLES: obstacle 2 created at (51.000, 16.000)

OBSTACLES: obstacle 3 created at (15.000, 19.000)

OBSTACLES: obstacle 4 created at (9.000, 31.000)

OBSTACLES: obstacle 5 created at (38.000, 12.000)

OBSTACLES: obstacle 6 created at (53.000, 9.000)

OBSTACLES: obstacle 7 created at (89.000, 37.000)

OBSTACLES: obstacle 8 created at (17.000, 3.000)

OBSTACLES: obstacle 9 created at (44.000, 8.000)

OBSTACLES: obstacle 10 created at (74.000, 27.000)

OBSTACLES: obstacle 11 created at (7.000, 41.000)

OBSTACLES: obstacle 12 created at (52.000, 23.000)

OBSTACLES: obstacle 13 created at (36.000, 25.000)

OBSTACLES: obstacle 14 created at (56.000, 25.000)

OBSTACLES: obstacle 15 created at (18.000, 45.000)

OBSTACLES: obstacle 16 created at (73.000, 29.000)

OBSTACLES: obstacle 17 created at (67.000, 31.000)

OBSTACLES: obstacle 18 created at (12.000, 11.000)

O[19]38.000,19.000|96.000,34.000|51.000,16.000|15.000,19.000|9.000,31.000|38.000,12.000|53.000,9.000|89.000,37.000|17.000,3.000|44.000,8.000|74.000,27.000|7.000,41.000|52.000,23.000|36.000,25.000|56.000,25.000|18.000,45.000|73.000,29.000|67.000,31.000|12.000,11.000
Message echo:
O[19]38.000,19.000|96.000,34.000|51.000,16.000|15.000,19.000|9.000,31.000|38.000,12.000|53.000,9.000|89.000,37.000|17.000,3.000|44.000,8.000|74.000,27.000|7.000,41.000|52.000,23.000|36.000,25.000|56.000,25.000|18.000,45.000|73.000,29.000|67.000,31.000|12.000,11.000
Reading message sent via socket
STOP
OBSTACLES: STOP message received from server
OBSTACLES: exiting with return value 0
