Tue Feb 20 17:36:36 2024
 => SERVER: binding...
Tue Feb 20 17:36:36 2024
 => SERVER: listening...
Tue Feb 20 17:36:36 2024
 => SERVER: pipes opened
Tue Feb 20 17:36:36 2024
 => SERVER: pipes converted in strings
Tue Feb 20 17:36:38 2024
 => SERVER: connection accepted
Tue Feb 20 17:36:38 2024
 => SERVER: forked
Tue Feb 20 17:36:38 2024
 => SERVER: connection accepted
Tue Feb 20 17:36:38 2024
 => SERVER: forked
Tue Feb 20 17:36:39 2024
 => SERVER: generating the map
Tue Feb 20 17:36:39 2024
 => SERVER: reading the pipe with sockets
Tue Feb 20 17:36:39 2024
 => OI
Tue Feb 20 17:36:39 2024
 => SERVER: pipeObfd set
Tue Feb 20 17:36:39 2024
 => TI
Tue Feb 20 17:36:39 2024
 => SERVER: pipeTafd set
Tue Feb 20 17:36:39 2024
 => SERVER: pipes opened
Tue Feb 20 17:36:39 2024
 => SERVER: rows and cols sent to window and drone
Tue Feb 20 17:36:39 2024
 => SERVER: reading from obstacles

Tue Feb 20 17:36:39 2024
 => O[12]1.000,7.000|2.000,43.000|2.000,24.000|1.000,32.000|1.000,43.000|1.000,13.000|1.000,46.000|2.000,36.000|2.000,9.000|2.000,2.000|2.000,39.000|1.000,30.000
Tue Feb 20 17:36:39 2024
 => SERVER: reading from targets

Tue Feb 20 17:36:39 2024
 => T[12]4.000,20.000|5.000,18.000|3.000,7.000|2.000,15.000|4.000,22.000|2.000,8.000|2.000,33.000|5.000,19.000|3.000,28.000|3.000,7.000|3.000,22.000|2.000,5.0000
