Socket server started
Socket server pipe created
Message received from client
OI
Message sent to parent process
OI
O[2]19.000,4.000|75.000,3.000
O[0]
O[19]10.000,48.000|34.000,20.000|32.000,44.000|67.000,32.000|29.000,38.000|36.000,48.000|2.000,4.000|92.000,44.000|3.000,48.000|53.000,37.000|94.000,32.000|82.000,32.000|42.000,37.000|36.000,8.000|20.000,24.000|57.000,45.000|23.000,34.000|30.000,22.000|59.000,35.000
O[3]73.000,48.000|38.000,33.000|37.000,48.000
O[12]70.000,2.000|80.000,40.000|26.000,6.000|58.000,13.000|90.000,32.000|68.000,31.000|94.000,10.000|92.000,30.000|49.000,30.000|46.000,44.000|59.000,35.000|46.000,33.000
O[13]67.000,43.000|51.000,48.000|73.000,46.000|1.000,43.000|77.000,30.000|70.000,32.000|20.000,7.000|25.000,20.000|1.000,26.000|40.000,4.000|1.000,33.000|50.000,8.000|68.000,35.000
O[16]39.000,42.000|15.000,46.000|68.000,29.000|48.000,47.000|33.000,47.000|51.000,15.000|79.000,16.000|66.000,6.000|71.000,12.000|41.000,48.000|90.000,35.000|92.000,27.000|8.000,13.000|65.000,24.000|1.000,21.000|76.000,1.000
O[18]51.000,4.000|57.000,16.000|91.000,42.000|55.000,28.000|34.000,42.000|7.000,3.000|90.000,45.000|93.000,24.000|95.000,11.000|56.000,11.000|3.000,10.000|13.000,31.000|38.000,26.000|28.000,48.000|90.000,32.000|64.000,20.000|19.000,2.000|15.000,45.000
O[0]
SOCKSERVER: Message received from server
STOP
Message echo:
STOP
SOCKSERVER: Message sent to client
SOCKSERVER: Exiting with return value 0
