TI
TARGETS: message TI sent to server
TARGETS: message received from server
50.000,100.000
TARGETS: ntargets = 13
2.000,35.000
2.000,43.000
2.000,14.000
4.000,22.000
5.000,25.000
2.000,40.000
4.000,38.000
3.000,31.000
2.000,26.000
4.000,9.000
5.000,36.000
3.000,38.000
5.000,11.000
T[13]2.000,35.000|2.000,43.000|2.000,14.000|4.000,22.000|5.000,25.000|2.000,40.000|4.000,38.000|3.000,31.000|2.000,26.000|4.000,9.000|5.000,36.000|3.000,38.000|5.000,11.000
T[13]2.000,35.000|2.000,43.000|2.000,14.000|4.000,22.000|5.000,25.000|2.000,40.000|4.000,38.000|3.000,31.000|2.000,26.000|4.000,9.000|5.000,36.000|3.000,38.000|5.000,11.000
