Sun Jan  7 23:15:12 2024
 => WINDOW: rows = 50, cols = 100
Sun Jan  7 23:15:12 2024
 => WINDOW: window created
Sun Jan  7 23:15:13 2024
 => obs
Sun Jan  7 23:15:13 2024
 => WINDOW: number of obstacles 13
Sun Jan  7 23:15:13 2024
 => coo
Sun Jan  7 23:15:13 2024
 => WINDOW: reading drone
Sun Jan  7 23:15:14 2024
 => coo
Sun Jan  7 23:15:14 2024
 => WINDOW: reading drone
Sun Jan  7 23:15:14 2024
 => coo
Sun Jan  7 23:15:14 2024
 => WINDOW: reading drone
Sun Jan  7 23:15:14 2024
 => coo
Sun Jan  7 23:15:14 2024
 => WINDOW: reading drone
Sun Jan  7 23:15:14 2024
 => coo
Sun Jan  7 23:15:14 2024
 => WINDOW: reading drone
Sun Jan  7 23:15:14 2024
 => coo
Sun Jan  7 23:15:14 2024
 => WINDOW: reading drone
Sun Jan  7 23:15:14 2024
 => tar
Sun Jan  7 23:15:14 2024
 => WINDOW: number of targets 8
Sun Jan  7 23:15:14 2024
 => coo
Sun Jan  7 23:15:14 2024
 => WINDOW: reading drone
Sun Jan  7 23:15:14 2024
 => coo
Sun Jan  7 23:15:14 2024
 => WINDOW: reading drone
Sun Jan  7 23:15:14 2024
 => coo
Sun Jan  7 23:15:14 2024
 => WINDOW: reading drone
Sun Jan  7 23:15:14 2024
 => coo
Sun Jan  7 23:15:14 2024
 => WINDOW: reading drone
Sun Jan  7 23:15:14 2024
 => coo
Sun Jan  7 23:15:14 2024
 => WINDOW: reading drone
Sun Jan  7 23:15:15 2024
 => coo
Sun Jan  7 23:15:15 2024
 => WINDOW: reading drone
Sun Jan  7 23:15:15 2024
 => coo
Sun Jan  7 23:15:15 2024
 => WINDOW: reading drone
Sun Jan  7 23:15:15 2024
 => coo
Sun Jan  7 23:15:15 2024
 => WINDOW: reading drone
Sun Jan  7 23:15:15 2024
 => coo
Sun Jan  7 23:15:15 2024
 => WINDOW: reading drone
Sun Jan  7 23:15:15 2024
 => coo
Sun Jan  7 23:15:15 2024
 => WINDOW: reading drone
Sun Jan  7 23:15:15 2024
 => coo
Sun Jan  7 23:15:15 2024
 => WINDOW: reading drone
Sun Jan  7 23:15:15 2024
 => coo
Sun Jan  7 23:15:15 2024
 => WINDOW: reading drone
Sun Jan  7 23:15:15 2024
 => coo
Sun Jan  7 23:15:15 2024
 => WINDOW: reading drone
Sun Jan  7 23:15:15 2024
 => coo
Sun Jan  7 23:15:15 2024
 => WINDOW: reading drone
Sun Jan  7 23:15:15 2024
 => coo
Sun Jan  7 23:15:15 2024
 => WINDOW: reading drone
Sun Jan  7 23:15:16 2024
 => coo
Sun Jan  7 23:15:16 2024
 => WINDOW: reading drone
Sun Jan  7 23:15:16 2024
 => coo
Sun Jan  7 23:15:16 2024
 => WINDOW: reading drone
Sun Jan  7 23:15:16 2024
 => coo
Sun Jan  7 23:15:16 2024
 => WINDOW: reading drone
Sun Jan  7 23:15:16 2024
 => coo
Sun Jan  7 23:15:16 2024
 => WINDOW: reading drone
Sun Jan  7 23:15:16 2024
 => coo
Sun Jan  7 23:15:16 2024
 => WINDOW: reading drone
Sun Jan  7 23:15:16 2024
 => coo
Sun Jan  7 23:15:16 2024
 => WINDOW: reading drone
Sun Jan  7 23:15:16 2024
 => coo
Sun Jan  7 23:15:16 2024
 => WINDOW: reading drone
Sun Jan  7 23:15:16 2024
 => coo
Sun Jan  7 23:15:16 2024
 => WINDOW: reading drone
Sun Jan  7 23:15:16 2024
 => coo
Sun Jan  7 23:15:16 2024
 => WINDOW: reading drone
Sun Jan  7 23:15:16 2024
 => coo
Sun Jan  7 23:15:16 2024
 => WINDOW: reading drone
Sun Jan  7 23:15:17 2024
 => coo
Sun Jan  7 23:15:17 2024
 => WINDOW: reading drone
Sun Jan  7 23:15:17 2024
 => coo
Sun Jan  7 23:15:17 2024
 => WINDOW: reading drone
Sun Jan  7 23:15:17 2024
 => coo
Sun Jan  7 23:15:17 2024
 => WINDOW: reading drone
Sun Jan  7 23:15:17 2024
 => coo
Sun Jan  7 23:15:17 2024
 => WINDOW: reading drone
Sun Jan  7 23:15:17 2024
 => coo
Sun Jan  7 23:15:17 2024
 => WINDOW: reading drone
Sun Jan  7 23:15:17 2024
 => coo
Sun Jan  7 23:15:17 2024
 => WINDOW: reading drone
Sun Jan  7 23:15:17 2024
 => coo
Sun Jan  7 23:15:17 2024
 => WINDOW: reading drone
Sun Jan  7 23:15:17 2024
 => coo
Sun Jan  7 23:15:17 2024
 => WINDOW: reading drone
Sun Jan  7 23:15:17 2024
 => coo
Sun Jan  7 23:15:17 2024
 => WINDOW: reading drone
Sun Jan  7 23:15:17 2024
 => coo
Sun Jan  7 23:15:17 2024
 => WINDOW: reading drone
Sun Jan  7 23:15:18 2024
 => coo
Sun Jan  7 23:15:18 2024
 => WINDOW: reading drone
Sun Jan  7 23:15:18 2024
 => coo
Sun Jan  7 23:15:18 2024
 => WINDOW: reading drone
Sun Jan  7 23:15:18 2024
 => coo
Sun Jan  7 23:15:18 2024
 => WINDOW: reading drone
Sun Jan  7 23:15:18 2024
 => coo
Sun Jan  7 23:15:18 2024
 => WINDOW: reading drone
Sun Jan  7 23:15:18 2024
 => coo
Sun Jan  7 23:15:18 2024
 => WINDOW: reading drone
Sun Jan  7 23:15:18 2024
 => coo
Sun Jan  7 23:15:18 2024
 => WINDOW: reading drone
Sun Jan  7 23:15:18 2024
 => coo
Sun Jan  7 23:15:18 2024
 => WINDOW: reading drone
Sun Jan  7 23:15:18 2024
 => coo
Sun Jan  7 23:15:18 2024
 => WINDOW: reading drone
Sun Jan  7 23:15:18 2024
 => coo
Sun Jan  7 23:15:18 2024
 => WINDOW: reading drone
Sun Jan  7 23:15:18 2024
 => coo
Sun Jan  7 23:15:18 2024
 => WINDOW: reading drone
Sun Jan  7 23:15:19 2024
 => coo
Sun Jan  7 23:15:19 2024
 => WINDOW: reading drone
Sun Jan  7 23:15:19 2024
 => coo
Sun Jan  7 23:15:19 2024
 => WINDOW: reading drone
Sun Jan  7 23:15:19 2024
 => coo
Sun Jan  7 23:15:19 2024
 => WINDOW: reading drone
Sun Jan  7 23:15:19 2024
 => coo
Sun Jan  7 23:15:19 2024
 => WINDOW: reading drone
Sun Jan  7 23:15:19 2024
 => coo
Sun Jan  7 23:15:19 2024
 => WINDOW: reading drone
Sun Jan  7 23:15:19 2024
 => coo
Sun Jan  7 23:15:19 2024
 => WINDOW: reading drone
Sun Jan  7 23:15:19 2024
 => coo
Sun Jan  7 23:15:19 2024
 => WINDOW: reading drone
Sun Jan  7 23:15:19 2024
 => coo
Sun Jan  7 23:15:19 2024
 => WINDOW: reading drone
Sun Jan  7 23:15:19 2024
 => coo
Sun Jan  7 23:15:19 2024
 => WINDOW: reading drone
Sun Jan  7 23:15:19 2024
 => coo
Sun Jan  7 23:15:19 2024
 => WINDOW: reading drone
Sun Jan  7 23:15:20 2024
 => coo
Sun Jan  7 23:15:20 2024
 => WINDOW: reading drone
Sun Jan  7 23:15:20 2024
 => coo
Sun Jan  7 23:15:20 2024
 => WINDOW: reading drone
Sun Jan  7 23:15:20 2024
 => coo
Sun Jan  7 23:15:20 2024
 => WINDOW: reading drone
Sun Jan  7 23:15:20 2024
 => coo
Sun Jan  7 23:15:20 2024
 => WINDOW: reading drone
Sun Jan  7 23:15:20 2024
 => coo
Sun Jan  7 23:15:20 2024
 => WINDOW: reading drone
Sun Jan  7 23:15:20 2024
 => coo
Sun Jan  7 23:15:20 2024
 => WINDOW: reading drone
Sun Jan  7 23:15:20 2024
 => coo
Sun Jan  7 23:15:20 2024
 => WINDOW: reading drone
Sun Jan  7 23:15:20 2024
 => coo
Sun Jan  7 23:15:20 2024
 => WINDOW: reading drone
Sun Jan  7 23:15:20 2024
 => coo
Sun Jan  7 23:15:20 2024
 => WINDOW: reading drone
Sun Jan  7 23:15:20 2024
 => coo
Sun Jan  7 23:15:20 2024
 => WINDOW: reading drone
Sun Jan  7 23:15:21 2024
 => coo
Sun Jan  7 23:15:21 2024
 => WINDOW: reading drone
Sun Jan  7 23:15:21 2024
 => coo
Sun Jan  7 23:15:21 2024
 => WINDOW: reading drone
Sun Jan  7 23:15:21 2024
 => coo
Sun Jan  7 23:15:21 2024
 => WINDOW: reading drone
Sun Jan  7 23:15:21 2024
 => coo
Sun Jan  7 23:15:21 2024
 => WINDOW: reading drone
Sun Jan  7 23:15:21 2024
 => coo
Sun Jan  7 23:15:21 2024
 => WINDOW: reading drone
Sun Jan  7 23:15:21 2024
 => coo
Sun Jan  7 23:15:21 2024
 => WINDOW: reading drone
Sun Jan  7 23:15:21 2024
 => coo
Sun Jan  7 23:15:21 2024
 => WINDOW: reading drone
Sun Jan  7 23:15:21 2024
 => coo
Sun Jan  7 23:15:21 2024
 => WINDOW: reading drone
Sun Jan  7 23:15:21 2024
 => coo
Sun Jan  7 23:15:21 2024
 => WINDOW: reading drone
Sun Jan  7 23:15:21 2024
 => coo
Sun Jan  7 23:15:21 2024
 => WINDOW: reading drone
Sun Jan  7 23:15:22 2024
 => coo
Sun Jan  7 23:15:22 2024
 => WINDOW: reading drone
Sun Jan  7 23:15:22 2024
 => coo
Sun Jan  7 23:15:22 2024
 => WINDOW: reading drone
Sun Jan  7 23:15:22 2024
 => coo
Sun Jan  7 23:15:22 2024
 => WINDOW: reading drone
Sun Jan  7 23:15:22 2024
 => coo
Sun Jan  7 23:15:22 2024
 => WINDOW: reading drone
Sun Jan  7 23:15:22 2024
 => coo
Sun Jan  7 23:15:22 2024
 => WINDOW: reading drone
Sun Jan  7 23:15:22 2024
 => coo
Sun Jan  7 23:15:22 2024
 => WINDOW: reading drone
Sun Jan  7 23:15:22 2024
 => coo
Sun Jan  7 23:15:22 2024
 => WINDOW: reading drone
Sun Jan  7 23:15:22 2024
 => coo
Sun Jan  7 23:15:22 2024
 => WINDOW: reading drone
Sun Jan  7 23:15:22 2024
 => coo
Sun Jan  7 23:15:22 2024
 => WINDOW: reading drone
Sun Jan  7 23:15:22 2024
 => coo
Sun Jan  7 23:15:22 2024
 => WINDOW: reading drone
Sun Jan  7 23:15:23 2024
 => coo
Sun Jan  7 23:15:23 2024
 => WINDOW: reading drone
Sun Jan  7 23:15:23 2024
 => coo
Sun Jan  7 23:15:23 2024
 => WINDOW: reading drone
Sun Jan  7 23:15:23 2024
 => coo
Sun Jan  7 23:15:23 2024
 => WINDOW: reading drone
Sun Jan  7 23:15:23 2024
 => coo
Sun Jan  7 23:15:23 2024
 => WINDOW: reading drone
Sun Jan  7 23:15:23 2024
 => coo
Sun Jan  7 23:15:23 2024
 => WINDOW: reading drone
Sun Jan  7 23:15:23 2024
 => coo
Sun Jan  7 23:15:23 2024
 => WINDOW: reading drone
Sun Jan  7 23:15:23 2024
 => coo
Sun Jan  7 23:15:23 2024
 => WINDOW: reading drone
Sun Jan  7 23:15:23 2024
 => coo
Sun Jan  7 23:15:23 2024
 => WINDOW: reading drone
Sun Jan  7 23:15:23 2024
 => coo
Sun Jan  7 23:15:23 2024
 => WINDOW: reading drone
Sun Jan  7 23:15:23 2024
 => coo
Sun Jan  7 23:15:23 2024
 => WINDOW: reading drone
Sun Jan  7 23:15:24 2024
 => coo
Sun Jan  7 23:15:24 2024
 => WINDOW: reading drone
Sun Jan  7 23:15:24 2024
 => coo
Sun Jan  7 23:15:24 2024
 => WINDOW: reading drone
Sun Jan  7 23:15:24 2024
 => coo
Sun Jan  7 23:15:24 2024
 => WINDOW: reading drone
Sun Jan  7 23:15:24 2024
 => coo
Sun Jan  7 23:15:24 2024
 => WINDOW: reading drone
Sun Jan  7 23:15:24 2024
 => coo
Sun Jan  7 23:15:24 2024
 => WINDOW: reading drone
Sun Jan  7 23:15:24 2024
 => coo
Sun Jan  7 23:15:24 2024
 => WINDOW: reading drone
Sun Jan  7 23:15:24 2024
 => coo
Sun Jan  7 23:15:24 2024
 => WINDOW: reading drone
Sun Jan  7 23:15:24 2024
 => coo
Sun Jan  7 23:15:24 2024
 => WINDOW: reading drone
Sun Jan  7 23:15:24 2024
 => coo
Sun Jan  7 23:15:24 2024
 => WINDOW: reading drone
Sun Jan  7 23:15:24 2024
 => coo
Sun Jan  7 23:15:24 2024
 => WINDOW: reading drone
Sun Jan  7 23:15:25 2024
 => coo
Sun Jan  7 23:15:25 2024
 => WINDOW: reading drone
Sun Jan  7 23:15:25 2024
 => coo
Sun Jan  7 23:15:25 2024
 => WINDOW: reading drone
Sun Jan  7 23:15:25 2024
 => coo
Sun Jan  7 23:15:25 2024
 => WINDOW: reading drone
Sun Jan  7 23:15:25 2024
 => coo
Sun Jan  7 23:15:25 2024
 => WINDOW: reading drone
Sun Jan  7 23:15:25 2024
 => coo
Sun Jan  7 23:15:25 2024
 => WINDOW: reading drone
Sun Jan  7 23:15:25 2024
 => coo
Sun Jan  7 23:15:25 2024
 => WINDOW: reading drone
Sun Jan  7 23:15:25 2024
 => coo
Sun Jan  7 23:15:25 2024
 => WINDOW: reading drone
Sun Jan  7 23:15:25 2024
 => coo
Sun Jan  7 23:15:25 2024
 => WINDOW: reading drone
Sun Jan  7 23:15:25 2024
 => coo
Sun Jan  7 23:15:25 2024
 => WINDOW: reading drone
Sun Jan  7 23:15:25 2024
 => coo
Sun Jan  7 23:15:25 2024
 => WINDOW: reading drone
Sun Jan  7 23:15:26 2024
 => coo
Sun Jan  7 23:15:26 2024
 => WINDOW: reading drone
Sun Jan  7 23:15:26 2024
 => coo
Sun Jan  7 23:15:26 2024
 => WINDOW: reading drone
Sun Jan  7 23:15:26 2024
 => coo
Sun Jan  7 23:15:26 2024
 => WINDOW: reading drone
Sun Jan  7 23:15:26 2024
 => coo
Sun Jan  7 23:15:26 2024
 => WINDOW: reading drone
Sun Jan  7 23:15:26 2024
 => coo
Sun Jan  7 23:15:26 2024
 => WINDOW: reading drone
Sun Jan  7 23:15:26 2024
 => coo
Sun Jan  7 23:15:26 2024
 => WINDOW: reading drone
Sun Jan  7 23:15:26 2024
 => coo
Sun Jan  7 23:15:26 2024
 => WINDOW: reading drone
Sun Jan  7 23:15:26 2024
 => coo
Sun Jan  7 23:15:26 2024
 => WINDOW: reading drone
Sun Jan  7 23:15:26 2024
 => coo
Sun Jan  7 23:15:26 2024
 => WINDOW: reading drone
Sun Jan  7 23:15:26 2024
 => coo
Sun Jan  7 23:15:26 2024
 => WINDOW: reading drone
Sun Jan  7 23:15:27 2024
 => coo
Sun Jan  7 23:15:27 2024
 => WINDOW: reading drone
Sun Jan  7 23:15:27 2024
 => coo
Sun Jan  7 23:15:27 2024
 => WINDOW: reading drone
Sun Jan  7 23:15:27 2024
 => coo
Sun Jan  7 23:15:27 2024
 => WINDOW: reading drone
Sun Jan  7 23:15:27 2024
 => coo
Sun Jan  7 23:15:27 2024
 => WINDOW: reading drone
Sun Jan  7 23:15:27 2024
 => coo
Sun Jan  7 23:15:27 2024
 => WINDOW: reading drone
Sun Jan  7 23:15:27 2024
 => coo
Sun Jan  7 23:15:27 2024
 => WINDOW: reading drone
Sun Jan  7 23:15:27 2024
 => coo
Sun Jan  7 23:15:27 2024
 => WINDOW: reading drone
Sun Jan  7 23:15:27 2024
 => coo
Sun Jan  7 23:15:27 2024
 => WINDOW: reading drone
Sun Jan  7 23:15:27 2024
 => coo
Sun Jan  7 23:15:27 2024
 => WINDOW: reading drone
Sun Jan  7 23:15:27 2024
 => coo
Sun Jan  7 23:15:27 2024
 => WINDOW: reading drone
Sun Jan  7 23:15:28 2024
 => coo
Sun Jan  7 23:15:28 2024
 => WINDOW: reading drone
Sun Jan  7 23:15:28 2024
 => coo
Sun Jan  7 23:15:28 2024
 => WINDOW: reading drone
Sun Jan  7 23:15:28 2024
 => coo
Sun Jan  7 23:15:28 2024
 => WINDOW: reading drone
Sun Jan  7 23:15:28 2024
 => coo
Sun Jan  7 23:15:28 2024
 => WINDOW: reading drone
Sun Jan  7 23:15:28 2024
 => coo
Sun Jan  7 23:15:28 2024
 => WINDOW: reading drone
Sun Jan  7 23:15:28 2024
 => coo
Sun Jan  7 23:15:28 2024
 => WINDOW: reading drone
Sun Jan  7 23:15:28 2024
 => coo
Sun Jan  7 23:15:28 2024
 => WINDOW: reading drone
Sun Jan  7 23:15:28 2024
 => coo
Sun Jan  7 23:15:28 2024
 => WINDOW: reading drone
Sun Jan  7 23:15:28 2024
 => coo
Sun Jan  7 23:15:28 2024
 => WINDOW: reading drone
Sun Jan  7 23:15:28 2024
 => coo
Sun Jan  7 23:15:28 2024
 => WINDOW: reading drone
Sun Jan  7 23:15:29 2024
 => coo
Sun Jan  7 23:15:29 2024
 => WINDOW: reading drone
Sun Jan  7 23:15:29 2024
 => coo
Sun Jan  7 23:15:29 2024
 => WINDOW: reading drone
Sun Jan  7 23:15:29 2024
 => coo
Sun Jan  7 23:15:29 2024
 => WINDOW: reading drone
Sun Jan  7 23:15:29 2024
 => coo
Sun Jan  7 23:15:29 2024
 => WINDOW: reading drone
Sun Jan  7 23:15:29 2024
 => coo
Sun Jan  7 23:15:29 2024
 => WINDOW: reading drone
Sun Jan  7 23:15:29 2024
 => coo
Sun Jan  7 23:15:29 2024
 => WINDOW: reading drone
Sun Jan  7 23:15:29 2024
 => coo
Sun Jan  7 23:15:29 2024
 => WINDOW: reading drone
Sun Jan  7 23:15:29 2024
 => coo
Sun Jan  7 23:15:29 2024
 => WINDOW: reading drone
Sun Jan  7 23:15:29 2024
 => coo
Sun Jan  7 23:15:29 2024
 => WINDOW: reading drone
Sun Jan  7 23:15:29 2024
 => coo
Sun Jan  7 23:15:29 2024
 => WINDOW: reading drone
Sun Jan  7 23:15:30 2024
 => coo
Sun Jan  7 23:15:30 2024
 => WINDOW: reading drone
Sun Jan  7 23:15:30 2024
 => coo
Sun Jan  7 23:15:30 2024
 => WINDOW: reading drone
Sun Jan  7 23:15:30 2024
 => coo
Sun Jan  7 23:15:30 2024
 => WINDOW: reading drone
Sun Jan  7 23:15:30 2024
 => coo
Sun Jan  7 23:15:30 2024
 => WINDOW: reading drone
Sun Jan  7 23:15:30 2024
 => coo
Sun Jan  7 23:15:30 2024
 => WINDOW: reading drone
Sun Jan  7 23:15:30 2024
 => coo
Sun Jan  7 23:15:30 2024
 => WINDOW: reading drone
Sun Jan  7 23:15:30 2024
 => coo
Sun Jan  7 23:15:30 2024
 => WINDOW: reading drone
Sun Jan  7 23:15:30 2024
 => coo
Sun Jan  7 23:15:30 2024
 => WINDOW: reading drone
Sun Jan  7 23:15:30 2024
 => coo
Sun Jan  7 23:15:30 2024
 => WINDOW: reading drone
Sun Jan  7 23:15:30 2024
 => coo
Sun Jan  7 23:15:30 2024
 => WINDOW: reading drone
Sun Jan  7 23:15:31 2024
 => coo
Sun Jan  7 23:15:31 2024
 => WINDOW: reading drone
Sun Jan  7 23:15:31 2024
 => coo
Sun Jan  7 23:15:31 2024
 => WINDOW: reading drone
Sun Jan  7 23:15:31 2024
 => coo
Sun Jan  7 23:15:31 2024
 => WINDOW: reading drone
Sun Jan  7 23:15:31 2024
 => coo
Sun Jan  7 23:15:31 2024
 => WINDOW: reading drone
Sun Jan  7 23:15:31 2024
 => coo
Sun Jan  7 23:15:31 2024
 => WINDOW: reading drone
Sun Jan  7 23:15:31 2024
 => coo
Sun Jan  7 23:15:31 2024
 => WINDOW: reading drone
Sun Jan  7 23:15:31 2024
 => coo
Sun Jan  7 23:15:31 2024
 => WINDOW: reading drone
Sun Jan  7 23:15:31 2024
 => coo
Sun Jan  7 23:15:31 2024
 => WINDOW: reading drone
Sun Jan  7 23:15:31 2024
 => coo
Sun Jan  7 23:15:31 2024
 => WINDOW: reading drone
Sun Jan  7 23:15:31 2024
 => coo
Sun Jan  7 23:15:31 2024
 => WINDOW: reading drone
Sun Jan  7 23:15:32 2024
 => coo
Sun Jan  7 23:15:32 2024
 => WINDOW: reading drone
Sun Jan  7 23:15:32 2024
 => coo
Sun Jan  7 23:15:32 2024
 => WINDOW: reading drone
Sun Jan  7 23:15:32 2024
 => coo
Sun Jan  7 23:15:32 2024
 => WINDOW: reading drone
Sun Jan  7 23:15:32 2024
 => coo
Sun Jan  7 23:15:32 2024
 => WINDOW: reading drone
Sun Jan  7 23:15:32 2024
 => coo
Sun Jan  7 23:15:32 2024
 => WINDOW: reading drone
Sun Jan  7 23:15:32 2024
 => coo
Sun Jan  7 23:15:32 2024
 => WINDOW: reading drone
Sun Jan  7 23:15:32 2024
 => coo
Sun Jan  7 23:15:32 2024
 => WINDOW: reading drone
Sun Jan  7 23:15:32 2024
 => coo
Sun Jan  7 23:15:32 2024
 => WINDOW: reading drone
Sun Jan  7 23:15:32 2024
 => coo
Sun Jan  7 23:15:32 2024
 => WINDOW: reading drone
Sun Jan  7 23:15:32 2024
 => coo
Sun Jan  7 23:15:32 2024
 => WINDOW: reading drone
Sun Jan  7 23:15:33 2024
 => coo
Sun Jan  7 23:15:33 2024
 => WINDOW: reading drone
Sun Jan  7 23:15:33 2024
 => coo
Sun Jan  7 23:15:33 2024
 => WINDOW: reading drone
Sun Jan  7 23:15:33 2024
 => coo
Sun Jan  7 23:15:33 2024
 => WINDOW: reading drone
Sun Jan  7 23:15:33 2024
 => coo
Sun Jan  7 23:15:33 2024
 => WINDOW: reading drone
Sun Jan  7 23:15:33 2024
 => coo
Sun Jan  7 23:15:33 2024
 => WINDOW: reading drone
Sun Jan  7 23:15:33 2024
 => coo
Sun Jan  7 23:15:33 2024
 => WINDOW: reading drone
Sun Jan  7 23:15:33 2024
 => coo
Sun Jan  7 23:15:33 2024
 => WINDOW: reading drone
Sun Jan  7 23:15:33 2024
 => coo
Sun Jan  7 23:15:33 2024
 => WINDOW: reading drone
Sun Jan  7 23:15:33 2024
 => coo
Sun Jan  7 23:15:33 2024
 => WINDOW: reading drone
Sun Jan  7 23:15:33 2024
 => coo
Sun Jan  7 23:15:33 2024
 => WINDOW: reading drone
