Sat Dec 30 21:05:07 2023
 => SERVER: process started
Sat Dec 30 21:05:07 2023
 => SERVER: pipes opened
Sat Dec 30 21:05:07 2023
 => SERVER: generated shared memory
Sat Dec 30 21:05:07 2023
 => SERVER: initialized starting values
Sat Dec 30 21:05:07 2023
 => WINDOW: process started
Sat Dec 30 21:05:07 2023
 => WINDOW: 25891
Sat Dec 30 21:05:07 2023
 => DRONE: process started
Sat Dec 30 21:05:07 2023
 => DRONE: pipes opened
INPUT: process started
OBSTACLES: process started
OBSTACLES: pipes opened
Sat Dec 30 21:05:08 2023
 => WINDOW: 11 obstacles
Sat Dec 30 21:05:08 2023
 => 
Sat Dec 30 21:05:08 2023
 => 
Sat Dec 30 21:05:08 2023
 => 
Sat Dec 30 21:05:08 2023
 => 
Sat Dec 30 21:05:08 2023
 => 
Sat Dec 30 21:05:08 2023
 => 
Sat Dec 30 21:05:08 2023
 => 
Sat Dec 30 21:05:08 2023
 => 
Sat Dec 30 21:05:08 2023
 => 
Sat Dec 30 21:05:08 2023
 => 
Sat Dec 30 21:05:08 2023
 => 
TARGETS: process started
TARGETS: pipes opened
Sat Dec 30 21:05:10 2023
 => WATCH DOG: process started
Sat Dec 30 21:05:10 2023
 => WATCH DOG: sending signals to processes
SERVER: signal SIGUSR1 received from WATCH DOG
Sat Dec 30 21:05:10 2023
 => WATCH DOG: SERVER received signal
DRONE: signal SIGUSR1 received from WATCH DOG
Sat Dec 30 21:05:10 2023
 => WATCH DOG: DRONE received signal
INPUT: signal SIGUSR1 received from WATCH DOG
Sat Dec 30 21:05:10 2023
 => WATCH DOG: INPUT received signal
Sat Dec 30 21:05:18 2023
 => WINDOW: 5 obstacles
Sat Dec 30 21:05:18 2023
 => 
Sat Dec 30 21:05:18 2023
 => 
Sat Dec 30 21:05:18 2023
 => 
Sat Dec 30 21:05:18 2023
 => 
Sat Dec 30 21:05:18 2023
 => 
Sat Dec 30 21:05:20 2023
 => WATCH DOG: sending signals to processes
SERVER: signal SIGUSR1 received from WATCH DOG
Sat Dec 30 21:05:20 2023
 => WATCH DOG: SERVER received signal
DRONE: signal SIGUSR1 received from WATCH DOG
Sat Dec 30 21:05:20 2023
 => WATCH DOG: DRONE received signal
INPUT: signal SIGUSR1 received from WATCH DOG
Sat Dec 30 21:05:20 2023
 => WATCH DOG: INPUT received signal
SERVER: terminating with return value 1...
