Mon Feb 26 18:27:23 2024
 => SERVER: error in reading from pipe sockChild 1
OBSTACLES: error in connecting to server
TARGETS: error in connecting to server
Mon Feb 26 18:27:26 2024
 => WATCH DOG: error in kill server
Mon Feb 26 18:27:27 2024
 => DRONE: error in reading from pipe rows
Mon Feb 26 18:27:27 2024
 => WATCH DOG: error in kill obstacle
Mon Feb 26 18:27:28 2024
 => WATCH DOG: error in kill target
Mon Feb 26 18:27:36 2024
 => WATCH DOG: error in kill server
Mon Feb 26 18:27:36 2024
 => WATCH DOG: error in kill drone
Mon Feb 26 18:27:36 2024
 => WATCH DOG: error in kill obstacle
Mon Feb 26 18:27:36 2024
 => WATCH DOG: error in kill target
