OI
OBSTACLES: message OI sent to server
OBSTACLES: message received from server
50.000,100.000
OBSTACLES: number of obstacles = 12
OBSTACLES: obstacle 0 created at (12.000, 16.000)

OBSTACLES: obstacle 1 created at (62.000, 1.000)

OBSTACLES: obstacle 2 created at (82.000, 25.000)

OBSTACLES: obstacle 3 created at (42.000, 34.000)

OBSTACLES: obstacle 4 created at (97.000, 8.000)

OBSTACLES: obstacle 5 created at (90.000, 42.000)

OBSTACLES: obstacle 6 created at (36.000, 34.000)

OBSTACLES: obstacle 7 created at (72.000, 25.000)

OBSTACLES: obstacle 8 created at (6.000, 20.000)

OBSTACLES: obstacle 9 created at (74.000, 14.000)

OBSTACLES: obstacle 10 created at (11.000, 5.000)

OBSTACLES: obstacle 11 created at (59.000, 24.000)

O[12]12.000,16.000|62.000,1.000|82.000,25.000|42.000,34.000|97.000,8.000|90.000,42.000|36.000,34.000|72.000,25.000|6.000,20.000|74.000,14.000|11.000,5.000|59.000,24.000
Message echo:
O[12]12.000,16.000|62.000,1.000|82.000,25.000|42.000,34.000|97.000,8.000|90.000,42.000|36.000,34.000|72.000,25.000|6.000,20.000|74.000,14.000|11.000,5.000|59.000,24.000
