Socket server started
Socket server pipe created
Message received from client
OI
Message sent to parent process
OI
O[15]67.000,8.000|14.000,25.000|4.000,13.000|7.000,27.000|95.000,46.000|75.000,39.000|55.000,41.000|5.000,31.000|8.000,37.000|73.000,48.000|62.000,37.000|75.000,6.000|11.000,38.000|81.000,6.000|36.000,40.000
O[19]57.000,2.000|10.000,18.000|75.000,4.000|24.000,13.000|76.000,26.000|47.000,33.000|9.000,3.000|31.000,21.000|68.000,31.000|70.000,37.000|11.000,34.000|26.000,1.000|10.000,16.000|45.000,35.000|49.000,24.000|69.000,2.000|57.000,20.000|59.000,11.000|31.000,23.000
O[10]57.000,22.000|59.000,17.000|53.000,28.000|24.000,17.000|2.000,31.000|82.000,12.000|27.000,21.000|22.000,19.000|9.000,35.000|74.000,34.000
O[14]63.000,43.000|48.000,20.000|97.000,7.000|7.000,37.000|14.000,6.000|3.000,40.000|81.000,43.000|3.000,33.000|64.000,23.000|7.000,41.000|72.000,45.000|20.000,35.000|91.000,6.000|33.000,42.000
O[15]31.000,40.000|89.000,8.000|65.000,6.000|69.000,40.000|25.000,39.000|75.000,30.000|32.000,33.000|48.000,42.000|55.000,10.000|16.000,30.000|42.000,28.000|22.000,47.000|11.000,36.000|28.000,15.000|45.000,20.000
O[8]87.000,45.000|13.000,28.000|87.000,20.000|68.000,38.000|59.000,14.000|19.000,16.000|62.000,26.000|90.000,9.000
O[12]10.000,25.000|34.000,36.000|72.000,21.000|77.000,48.000|93.000,24.000|65.000,27.000|22.000,31.000|14.000,37.000|51.000,30.000|65.000,34.000|63.000,9.000|71.000,10.000
O[7]97.000,4.000|46.000,22.000|91.000,20.000|34.000,40.000|36.000,14.000|55.000,15.000|63.000,25.000
O[1]25.000,27.000
O[13]35.000,34.000|63.000,33.000|18.000,21.000|10.000,15.000|27.000,40.000|32.000,35.000|14.000,17.000|41.000,18.000|37.000,32.000|11.000,3.000|36.000,39.000|27.000,41.000|23.000,38.000
O[13]92.000,38.000|94.000,9.000|44.000,38.000|15.000,4.000|32.000,44.000|84.000,29.000|9.000,8.000|14.000,33.000|31.000,43.000|25.000,22.000|95.000,37.000|26.000,15.000|76.000,48.000
O[5]3.000,4.000|5.000,13.000|90.000,27.000|60.000,35.000|45.000,5.000
SOCKSERVER: Message received from server
STOP
Message echo:
STOP
SOCKSERVER: Message sent to client
SOCKSERVER: Exiting with return value 0
