TI
TARGETS: message TI sent to server
TARGETS: message received from server
50.000,100.000
TARGETS: ntargets = 11
TARGETS: target 0: x = 4.000, y = 19.000

TARGETS: target 1: x = 3.000, y = 21.000

TARGETS: target 2: x = 5.000, y = 44.000

TARGETS: target 3: x = 4.000, y = 22.000

TARGETS: target 4: x = 2.000, y = 19.000

TARGETS: target 5: x = 4.000, y = 45.000

TARGETS: target 6: x = 2.000, y = 30.000

TARGETS: target 7: x = 5.000, y = 34.000

TARGETS: target 8: x = 3.000, y = 23.000

TARGETS: target 9: x = 4.000, y = 26.000

TARGETS: target 10: x = 5.000, y = 21.000

T[11]4.000,19.000|3.000,21.000|5.000,44.000|4.000,22.000|2.000,19.000|4.000,45.000|2.000,30.000|5.000,34.000|3.000,23.000|4.000,26.000|5.000,21.000
Message echo:
T[11]4.000,19.000|3.000,21.000|5.000,44.000|4.000,22.000|2.000,19.000|4.000,45.000|2.000,30.000|5.000,34.000|3.000,23.000|4.000,26.000|5.000,21.000
TARGETS: ntargets = 0
T[0]
Message echo:
T[0]
TARGETS: ntargets = 15
TARGETS: target 0: x = 4.000, y = 7.000

TARGETS: target 1: x = 3.000, y = 18.000

TARGETS: target 2: x = 2.000, y = 9.000

TARGETS: target 3: x = 2.000, y = 17.000

TARGETS: target 4: x = 4.000, y = 34.000

TARGETS: target 5: x = 2.000, y = 40.000

TARGETS: target 6: x = 4.000, y = 47.000

TARGETS: target 7: x = 2.000, y = 25.000

TARGETS: target 8: x = 5.000, y = 17.000

TARGETS: target 9: x = 5.000, y = 8.000

TARGETS: target 10: x = 4.000, y = 44.000

TARGETS: target 11: x = 5.000, y = 16.000

TARGETS: target 12: x = 4.000, y = 39.000

TARGETS: target 13: x = 3.000, y = 29.000

TARGETS: target 14: x = 5.000, y = 33.000

T[15]4.000,7.000|3.000,18.000|2.000,9.000|2.000,17.000|4.000,34.000|2.000,40.000|4.000,47.000|2.000,25.000|5.000,17.000|5.000,8.000|4.000,44.000|5.000,16.000|4.000,39.000|3.000,29.000|5.000,33.000
Message echo:
T[15]4.000,7.000|3.000,18.000|2.000,9.000|2.000,17.000|4.000,34.000|2.000,40.000|4.000,47.000|2.000,25.000|5.000,17.000|5.000,8.000|4.000,44.000|5.000,16.000|4.000,39.000|3.000,29.000|5.000,33.000
