Thu Feb 15 18:35:05 2024
 => SERVER: process started
Thu Feb 15 18:35:06 2024
 => DRONE: process started
Thu Feb 15 18:35:06 2024
 => DRONE: pipes opened
INPUT: process started
OBSTACLES: process started
OBSTACLES: socket created
TARGETS: process started
Thu Feb 15 18:35:08 2024
 => WATCH DOG: process started
Thu Feb 15 18:35:08 2024
 => WATCH DOG: sending signals to processes
DRONE: signal SIGUSR1 received from WATCH DOG
Thu Feb 15 18:35:09 2024
 => WATCH DOG: DRONE received signal
INPUT: signal SIGUSR1 received from WATCH DOG
Thu Feb 15 18:35:09 2024
 => WATCH DOG: INPUT received signal
